<?xml version="1.0" encoding="UTF-8"?>
<!-- Generated by org.testng.reporters.JUnitReportReporter -->
<testsuite hostname="DESKTOP-34LA8LC" failures="0" tests="1" name="com.iris22a.MenTshirtsTests" time="59.296" errors="0" timestamp="2022-07-27T13:13:31 IST" skipped="0">
  <testcase classname="com.iris22a.MenTshirtsTests" name="verifyIfSearchByPopularityYieldsProperResults" time="59.296"/>
  <system-out/>
</testsuite> <!-- com.iris22a.MenTshirtsTests -->
